<?xml version="1.0" encoding="UTF-8"?>
<!-- Generated by org.testng.reporters.JUnitReportReporter -->
<testsuite skipped="0" hostname="IB-Pune-LAP-085" name="com.ias.tests.LoginTest" tests="1" failures="0" timestamp="22 Jun 2018 10:50:44 GMT" time="25.010" errors="0">
  <testcase name="testingLoginFunctionality" time="25.010" classname="com.ias.tests.LoginTest"/>
</testsuite> <!-- com.ias.tests.LoginTest -->
