<?xml version="1.0" encoding="UTF-8"?>
<!-- Generated by org.testng.reporters.JUnitReportReporter -->
<testsuite skipped="0" hostname="IB-Pune-LAP-085" name="com.ias.tests.LoginTest" tests="1" failures="0" timestamp="22 Jun 2018 05:48:11 GMT" time="22.133" errors="0">
  <testcase name="testingLoginFunctionality" time="22.133" classname="com.ias.tests.LoginTest"/>
</testsuite> <!-- com.ias.tests.LoginTest -->
